[0;32mInfo: Creating a new SSL key for cent-1[0m
[0;32mInfo: csr_attributes file loading from /etc/puppet/csr_attributes.yaml[0m
[0;32mInfo: Creating a new SSL certificate request for cent-1[0m
[0;32mInfo: Certificate Request fingerprint (SHA256): D7:6D:0A:E5:BF:31:E2:F0:31:7E:9C:AD:85:B2:CC:B3:9E:D2:58:41:E9:18:02:FA:8E:12:B4:A5:2A:3A:ED:8C[0m
[0;32mInfo: Caching certificate for cent-1[0m
[0;32mInfo: Caching certificate_revocation_list for ca[0m
[0;32mInfo: Retrieving pluginfacts[0m
[0;32mInfo: Retrieving plugin[0m
[mNotice: /File[/var/lib/puppet/lib/puppet]/ensure: created[0m
[mNotice: /File[/var/lib/puppet/lib/puppet/provider]/ensure: created[0m
[mNotice: /File[/var/lib/puppet/lib/puppet/provider/database_user]/ensure: created[0m
[mNotice: /File[/var/lib/puppet/lib/puppet/provider/database_user/mysql.rb]/ensure: defined content as '{md5}26d55375b308ffa8cf9db68d0e039c5f'[0m
[mNotice: /File[/var/lib/puppet/lib/puppet/provider/file_line]/ensure: created[0m
[mNotice: /File[/var/lib/puppet/lib/puppet/provider/mysql_user]/ensure: created[0m
[mNotice: /File[/var/lib/puppet/lib/puppet/provider/mysql_database]/ensure: created[0m
[mNotice: /File[/var/lib/puppet/lib/puppet/provider/mysql_user/mysql.rb]/ensure: defined content as '{md5}7eda6cfab27de90e3ee8f6517d2ae3a0'[0m
[mNotice: /File[/var/lib/puppet/lib/puppet/provider/mysql.rb]/ensure: defined content as '{md5}881f4f76b084054f7299fe2de596e4c9'[0m
[mNotice: /File[/var/lib/puppet/lib/puppet/parser]/ensure: created[0m
[mNotice: /File[/var/lib/puppet/lib/puppet/parser/functions]/ensure: created[0m
[mNotice: /File[/var/lib/puppet/lib/puppet/parser/functions/ensure_packages.rb]/ensure: defined content as '{md5}fbed5c0c9bf82b7746e01f15f89d184f'[0m
[mNotice: /File[/var/lib/puppet/lib/puppet/parser/functions/validate_hash.rb]/ensure: defined content as '{md5}e9cfaca68751524efe16ecf2f958a9a0'[0m
[mNotice: /File[/var/lib/puppet/lib/puppet/parser/functions/count.rb]/ensure: defined content as '{md5}9eb74eccd93e2b3c87fd5ea14e329eba'[0m
[mNotice: /File[/var/lib/puppet/lib/puppet/parser/functions/validate_bool.rb]/ensure: defined content as '{md5}a712634a000024398b3c6cd4ecc46463'[0m
[mNotice: /File[/var/lib/puppet/lib/puppet/parser/functions/get_module_path.rb]/ensure: defined content as '{md5}d4bf50da25c0b98d26b75354fa1bcc45'[0m
[mNotice: /File[/var/lib/puppet/lib/puppet/parser/functions/is_ip_address.rb]/ensure: defined content as '{md5}a714a736c1560e8739aaacd9030cca00'[0m
[mNotice: /File[/var/lib/puppet/lib/puppet/parser/functions/is_numeric.rb]/ensure: defined content as '{md5}93ddc9d4c0834a5e5e0562d7b3cdce91'[0m
[mNotice: /File[/var/lib/puppet/lib/puppet/parser/functions/bool2str.rb]/ensure: defined content as '{md5}34497af8db94754542b9d4cfacc8a27f'[0m
[mNotice: /File[/var/lib/puppet/lib/puppet/parser/functions/delete.rb]/ensure: defined content as '{md5}96e569dac96b8c9387e9303445d73048'[0m
[mNotice: /File[/var/lib/puppet/lib/puppet/parser/functions/is_domain_name.rb]/ensure: defined content as '{md5}cf72726c0fec831eb703ec9deea739eb'[0m
[mNotice: /File[/var/lib/puppet/lib/puppet/parser/functions/has_ip_address.rb]/ensure: defined content as '{md5}ee207f47906455a5aa49c4fb219dd325'[0m
[mNotice: /File[/var/lib/puppet/lib/puppet/parser/functions/validate_absolute_path.rb]/ensure: defined content as '{md5}385137ac24a2dec6cecc4e6ea75be442'[0m
[mNotice: /File[/var/lib/puppet/lib/puppet/parser/functions/has_key.rb]/ensure: defined content as '{md5}7cd9728c38f0b0065f832dabd62b0e7e'[0m
[mNotice: /File[/var/lib/puppet/lib/puppet/parser/functions/flatten.rb]/ensure: defined content as '{md5}25777b76f9719162a8bab640e5595b7a'[0m
[mNotice: /File[/var/lib/puppet/lib/puppet/parser/functions/max.rb]/ensure: defined content as '{md5}f652fd0b46ef7d2fbdb42b141f8fdd1d'[0m
[mNotice: /File[/var/lib/puppet/lib/puppet/parser/functions/validate_augeas.rb]/ensure: defined content as '{md5}d4acca7b8a9fdada9ae39e5101902cc1'[0m
[mNotice: /File[/var/lib/puppet/lib/puppet/parser/functions/has_ip_network.rb]/ensure: defined content as '{md5}b4d726c8b2a0afac81ced8a3a28aa731'[0m
[mNotice: /File[/var/lib/puppet/lib/puppet/parser/functions/is_mac_address.rb]/ensure: defined content as '{md5}288bd4b38d4df42a83681f13e7eaaee0'[0m
[mNotice: /File[/var/lib/puppet/lib/puppet/parser/functions/getparam.rb]/ensure: defined content as '{md5}4dd7a0e35f4a3780dcfc9b19b4e0006e'[0m
[mNotice: /File[/var/lib/puppet/lib/puppet/parser/functions/validate_array.rb]/ensure: defined content as '{md5}72b29289b8af1cfc3662ef9be78911b8'[0m
[mNotice: /File[/var/lib/puppet/lib/puppet/parser/functions/loadyaml.rb]/ensure: defined content as '{md5}2b912f257aa078e376d3b3f6a86c2a00'[0m
[mNotice: /File[/var/lib/puppet/lib/puppet/parser/functions/empty.rb]/ensure: defined content as '{md5}ae92905c9d94ddca30bf56b7b1dabedf'[0m
[mNotice: /File[/var/lib/puppet/lib/puppet/parser/functions/defined_with_params.rb]/ensure: defined content as '{md5}ffab4433d03f32b551f2ea024a2948fc'[0m
[mNotice: /File[/var/lib/puppet/lib/puppet/parser/functions/bool2num.rb]/ensure: defined content as '{md5}8e627eee990e811e35e7e838c586bd77'[0m
[mNotice: /File[/var/lib/puppet/lib/puppet/parser/functions/union.rb]/ensure: defined content as '{md5}137998fe47decf25aede20f0c0155a4c'[0m
[mNotice: /File[/var/lib/puppet/lib/puppet/parser/functions/hash.rb]/ensure: defined content as '{md5}9d072527dfc7354b69292e9302906530'[0m
[mNotice: /File[/var/lib/puppet/lib/puppet/parser/functions/suffix.rb]/ensure: defined content as '{md5}109279db4180441e75545dbd5f273298'[0m
[mNotice: /File[/var/lib/puppet/lib/puppet/parser/functions/mysql_deepmerge.rb]/ensure: defined content as '{md5}2b5040ee8cd75a81cf881851e922833a'[0m
[mNotice: /File[/var/lib/puppet/lib/puppet/parser/functions/floor.rb]/ensure: defined content as '{md5}42cad4c689231a51526c55a6f0985d1f'[0m
[mNotice: /File[/var/lib/puppet/lib/puppet/parser/functions/intersection.rb]/ensure: defined content as '{md5}924ac4aceec7b896952166a7ec08fdb1'[0m
[mNotice: /File[/var/lib/puppet/lib/puppet/parser/functions/prefix.rb]/ensure: defined content as '{md5}aebbea0290be82a4ae89ddfffbee1125'[0m
[mNotice: /File[/var/lib/puppet/lib/puppet/parser/functions/is_integer.rb]/ensure: defined content as '{md5}c665be82686aa4729959bb42c66a7510'[0m
[mNotice: /File[/var/lib/puppet/lib/puppet/parser/functions/swapcase.rb]/ensure: defined content as '{md5}4902f38f0b9292afec66d40fee4b02ec'[0m
[mNotice: /File[/var/lib/puppet/lib/puppet/parser/functions/to_bytes.rb]/ensure: defined content as '{md5}83f23c33adbfa42b2a9d9fc2db3daeb4'[0m
[mNotice: /File[/var/lib/puppet/lib/puppet/parser/functions/has_interface_with.rb]/ensure: defined content as '{md5}03051f13ca123f7058d9ee8f6eb46663'[0m
[mNotice: /File[/var/lib/puppet/lib/puppet/parser/functions/deep_merge.rb]/ensure: defined content as '{md5}d83696855578fb81b64b9e92b9c7cc7c'[0m
[mNotice: /File[/var/lib/puppet/lib/puppet/parser/functions/lstrip.rb]/ensure: defined content as '{md5}210b103f78622e099f91cc2956b6f741'[0m
[mNotice: /File[/var/lib/puppet/lib/puppet/parser/functions/is_array.rb]/ensure: defined content as '{md5}875ca4356cb0d7a10606fb146b4a3d11'[0m
[mNotice: /File[/var/lib/puppet/lib/puppet/parser/functions/min.rb]/ensure: defined content as '{md5}0d2a1b7e735ab251c5469e735fa3f4c6'[0m
[mNotice: /File[/var/lib/puppet/lib/puppet/parser/functions/sort.rb]/ensure: defined content as '{md5}504b033b438461ca4f9764feeb017833'[0m
[mNotice: /File[/var/lib/puppet/lib/puppet/parser/functions/merge.rb]/ensure: defined content as '{md5}f3dcc5c83440cdda2036cce69b61a14b'[0m
[mNotice: /File[/var/lib/puppet/lib/puppet/parser/functions/mysql_password.rb]/ensure: defined content as '{md5}a4c8ec72dede069508dbc266131b06a3'[0m
[mNotice: /File[/var/lib/puppet/lib/puppet/parser/functions/member.rb]/ensure: defined content as '{md5}541e67d06bc4155e79b00843a125e9bc'[0m
[mNotice: /File[/var/lib/puppet/lib/puppet/parser/functions/base64.rb]/ensure: defined content as '{md5}ae25adf92295df67ebd9edfabc9ecdd6'[0m
[mNotice: /File[/var/lib/puppet/lib/puppet/provider/database]/ensure: created[0m
[mNotice: /File[/var/lib/puppet/lib/puppet/provider/database/mysql.rb]/ensure: defined content as '{md5}10c0c508f88145d0cda948f26f97d86f'[0m
[mNotice: /File[/var/lib/puppet/lib/puppet/parser/functions/capitalize.rb]/ensure: defined content as '{md5}14481fc8c7c83fe002066ebcf6722f17'[0m
[mNotice: /File[/var/lib/puppet/lib/puppet/parser/functions/values.rb]/ensure: defined content as '{md5}066a6e4170e5034edb9a80463dff2bb5'[0m
[mNotice: /File[/var/lib/puppet/lib/puppet/parser/functions/chomp.rb]/ensure: defined content as '{md5}719d46923d75251f7b6b68b6e015cccc'[0m
[mNotice: /File[/var/lib/puppet/lib/puppet/parser/functions/unique.rb]/ensure: defined content as '{md5}217ccce6d23235af92923f50f8556963'[0m
[mNotice: /File[/var/lib/puppet/lib/puppet/parser/functions/shuffle.rb]/ensure: defined content as '{md5}6445e6b4dc62c37b184a60eeaf34414b'[0m
[mNotice: /File[/var/lib/puppet/lib/puppet/parser/functions/num2bool.rb]/ensure: defined content as '{md5}605c12fa518c87ed2c66ae153e0686ce'[0m
[mNotice: /File[/var/lib/puppet/lib/puppet/parser/functions/join_keys_to_values.rb]/ensure: defined content as '{md5}f29da49531228f6ca5b3aa0df00a14c2'[0m
[mNotice: /File[/var/lib/puppet/lib/puppet/parser/functions/concat.rb]/ensure: defined content as '{md5}c522e67e558336e1ac26b0a3cfeeed2d'[0m
[mNotice: /File[/var/lib/puppet/lib/puppet/parser/functions/any2array.rb]/ensure: defined content as '{md5}a81e71d6b67a551d38770ba9a1948a75'[0m
[mNotice: /File[/var/lib/puppet/lib/puppet/parser/functions/camelcase.rb]/ensure: defined content as '{md5}71c67b71eac4b7f46a0dd22cb915d2e6'[0m
[mNotice: /File[/var/lib/puppet/lib/puppet/parser/functions/mysql_strip_hash.rb]/ensure: defined content as '{md5}3efe69f1eb189b2913e178b8472aaede'[0m
[mNotice: /File[/var/lib/puppet/lib/puppet/parser/functions/pick.rb]/ensure: defined content as '{md5}bf01f13bbfe2318e7f6a302ac7c4433f'[0m
[mNotice: /File[/var/lib/puppet/lib/puppet/parser/functions/rstrip.rb]/ensure: defined content as '{md5}8a0d69876bdbc88a2054ba41c9c38961'[0m
[mNotice: /File[/var/lib/puppet/lib/puppet/parser/functions/str2bool.rb]/ensure: defined content as '{md5}6320f1a50fd28ec027981cd1fb8ffdd0'[0m
[mNotice: /File[/var/lib/puppet/lib/puppet/parser/functions/abs.rb]/ensure: defined content as '{md5}32161bd0435fdfc2aec2fc559d2b454b'[0m
[mNotice: /File[/var/lib/puppet/lib/puppet/parser/functions/dirname.rb]/ensure: defined content as '{md5}bef7214eb89db3eb8f7ee5fc9dca0233'[0m
[mNotice: /File[/var/lib/puppet/lib/puppet/parser/functions/parseyaml.rb]/ensure: defined content as '{md5}00f10ec1e2b050e23d80c256061ebdd7'[0m
[mNotice: /File[/var/lib/puppet/lib/puppet/provider/mysql_database/mysql.rb]/ensure: defined content as '{md5}938b0602ea341e7062b011478e9fafb1'[0m
[mNotice: /File[/var/lib/puppet/lib/puppet/parser/functions/grep.rb]/ensure: defined content as '{md5}5682995af458b05f3b53dd794c4bf896'[0m
[mNotice: /File[/var/lib/puppet/lib/puppet/provider/mysql_grant]/ensure: created[0m
[mNotice: /File[/var/lib/puppet/lib/puppet/provider/mysql_grant/mysql.rb]/ensure: defined content as '{md5}100421e10f27f7adee4f53ec7778501c'[0m
[mNotice: /File[/var/lib/puppet/lib/puppet/parser/functions/difference.rb]/ensure: defined content as '{md5}e31b95fbaf974cf853a510177368bfb9'[0m
[mNotice: /File[/var/lib/puppet/lib/puppet/parser/functions/squeeze.rb]/ensure: defined content as '{md5}541f85b4203b55c9931d3d6ecd5c75f8'[0m
[mNotice: /File[/var/lib/puppet/lib/puppet/parser/functions/downcase.rb]/ensure: defined content as '{md5}9204a04c2a168375a38d502db8811bbe'[0m
[mNotice: /File[/var/lib/puppet/lib/puppet/parser/functions/is_string.rb]/ensure: defined content as '{md5}2bd9a652bbb2668323eee6c57729ff64'[0m
[mNotice: /File[/var/lib/puppet/lib/puppet/parser/functions/delete_at.rb]/ensure: defined content as '{md5}6bc24b79390d463d8be95396c963381a'[0m
[mNotice: /File[/var/lib/puppet/lib/puppet/parser/functions/size.rb]/ensure: defined content as '{md5}8972d48c0f9e487d659bd7326b40b642'[0m
[mNotice: /File[/var/lib/puppet/lib/puppet/parser/functions/is_hash.rb]/ensure: defined content as '{md5}8c7d9a05084dab0389d1b779c8a05b1a'[0m
[mNotice: /File[/var/lib/puppet/lib/puppet/parser/functions/keys.rb]/ensure: defined content as '{md5}eb6ac815ea14fbf423580ed903ef7bad'[0m
[mNotice: /File[/var/lib/puppet/lib/puppet/provider/database_grant]/ensure: created[0m
[mNotice: /File[/var/lib/puppet/lib/puppet/parser/functions/uriescape.rb]/ensure: defined content as '{md5}321b8d2c33a5ea48337e1293774db4e0'[0m
[mNotice: /File[/var/lib/puppet/lib/puppet/parser/functions/validate_ipv4_address.rb]/ensure: defined content as '{md5}a8fb6f0ca36aa460d462c07c2af5d5a2'[0m
[mNotice: /File[/var/lib/puppet/lib/puppet/parser/functions/validate_ipv6_address.rb]/ensure: defined content as '{md5}4699238e4cad60e7e1428905523eaeb7'[0m
[mNotice: /File[/var/lib/puppet/lib/puppet/provider/file_line/ruby.rb]/ensure: defined content as '{md5}10d65268d2d1e75b5dae014974b79d60'[0m
[mNotice: /File[/var/lib/puppet/lib/puppet/type]/ensure: created[0m
[mNotice: /File[/var/lib/puppet/lib/puppet/type/database.rb]/ensure: defined content as '{md5}7b4b49b841d41541ce719d1a051ee94b'[0m
[mNotice: /File[/var/lib/puppet/lib/puppet/type/database_user.rb]/ensure: defined content as '{md5}b2a87e3854324fb0ae407a1fbad5802a'[0m
[mNotice: /File[/var/lib/puppet/lib/puppet/type/anchor.rb]/ensure: defined content as '{md5}bbd36bb49c3b554f8602d8d3df366c0c'[0m
[mNotice: /File[/var/lib/puppet/lib/puppet/type/mysql_database.rb]/ensure: defined content as '{md5}e21a38611edc6cba5454889170bc0ebc'[0m
[mNotice: /File[/var/lib/puppet/lib/puppet/type/database_grant.rb]/ensure: defined content as '{md5}66fce5df0f3f4111fe37f094965f6f93'[0m
[mNotice: /File[/var/lib/puppet/lib/puppet/type/mysql_grant.rb]/ensure: defined content as '{md5}082aa9131d7e5871935da409ee16a9fa'[0m
[mNotice: /File[/var/lib/puppet/lib/facter]/ensure: created[0m
[mNotice: /File[/var/lib/puppet/lib/facter/util]/ensure: created[0m
[mNotice: /File[/var/lib/puppet/lib/facter/util/puppet_settings.rb]/ensure: defined content as '{md5}9f1d2593d0ae56bfca89d4b9266aeee1'[0m
[mNotice: /File[/var/lib/puppet/lib/facter/facter_dot_d.rb]/ensure: defined content as '{md5}1f1fcf1bde3443e42a445d3573602304'[0m
[mNotice: /File[/var/lib/puppet/lib/facter/root_home.rb]/ensure: defined content as '{md5}d9c8276acdceb7340d95f60c36dcdcc5'[0m
[mNotice: /File[/var/lib/puppet/lib/facter/puppet_vardir.rb]/ensure: defined content as '{md5}c7ddc97e8a84ded3dd93baa5b9b3283d'[0m
[mNotice: /File[/var/lib/puppet/lib/puppet/parser/functions/delete_values.rb]/ensure: defined content as '{md5}39b147f7d369bb5f809044b6341954a2'[0m
[mNotice: /File[/var/lib/puppet/lib/puppet/parser/functions/reject.rb]/ensure: defined content as '{md5}689f6a7c961a55fe9dcd240921f4c7f9'[0m
[mNotice: /File[/var/lib/puppet/lib/puppet/parser/functions/range.rb]/ensure: defined content as '{md5}17a05dbae8f562f882450f9e648d4e2d'[0m
[mNotice: /File[/var/lib/puppet/lib/puppet/parser/functions/validate_slength.rb]/ensure: defined content as '{md5}7e67c213509b9383707819cc612b2a29'[0m
[mNotice: /File[/var/lib/puppet/lib/facter/pe_version.rb]/ensure: defined content as '{md5}4a9353952963b011759f3e6652a10da5'[0m
[mNotice: /File[/var/lib/puppet/lib/puppet/parser/functions/pick_default.rb]/ensure: defined content as '{md5}ad3ea60262de408767786d37a54d45dc'[0m
[mNotice: /File[/var/lib/puppet/lib/puppet/parser/functions/join.rb]/ensure: defined content as '{md5}a285a05c015ae278608f6454aef211ea'[0m
[mNotice: /File[/var/lib/puppet/lib/puppet/parser/functions/strip.rb]/ensure: defined content as '{md5}273d547c7b05c0598556464dfd12f5fd'[0m
[mNotice: /File[/var/lib/puppet/lib/puppet/type/mysql_user.rb]/ensure: defined content as '{md5}ddb054a5fd03689ae4325fbe003a41d3'[0m
[mNotice: /File[/var/lib/puppet/lib/puppet/parser/functions/upcase.rb]/ensure: defined content as '{md5}a5744a74577cfa136fca2835e75888d3'[0m
[mNotice: /File[/var/lib/puppet/lib/puppet/type/file_line.rb]/ensure: defined content as '{md5}a1eceef6bd7cbfe99892cf3ee57ef2b4'[0m
[mNotice: /File[/var/lib/puppet/lib/puppet/parser/functions/time.rb]/ensure: defined content as '{md5}08d88d52abd1e230e3a2f82107545d48'[0m
[mNotice: /File[/var/lib/puppet/lib/puppet/parser/functions/is_bool.rb]/ensure: defined content as '{md5}e693b7c4b5366cff1380b6e0c7dd7b11'[0m
[mNotice: /File[/var/lib/puppet/lib/puppet/parser/functions/validate_string.rb]/ensure: defined content as '{md5}6afcbc51f83f0714348b8d61e06ea7eb'[0m
[mNotice: /File[/var/lib/puppet/lib/puppet/parser/functions/reverse.rb]/ensure: defined content as '{md5}1386371c0f5301055fdf99079e862b3e'[0m
[mNotice: /File[/var/lib/puppet/lib/puppet/parser/functions/type.rb]/ensure: defined content as '{md5}62f914d6c90662aaae40c5539701be60'[0m
[mNotice: /File[/var/lib/puppet/lib/puppet/parser/functions/zip.rb]/ensure: defined content as '{md5}a80782461ed9465f0cd0c010936f1855'[0m
[mNotice: /File[/var/lib/puppet/lib/puppet/parser/functions/ensure_resource.rb]/ensure: defined content as '{md5}6678127386e77bbc0f09db7b5a32ab6a'[0m
[mNotice: /File[/var/lib/puppet/lib/puppet/parser/functions/validate_re.rb]/ensure: defined content as '{md5}c6664b3943bc820415a43f16372dc2a9'[0m
[mNotice: /File[/var/lib/puppet/lib/puppet/parser/functions/is_function_available.rb]/ensure: defined content as '{md5}628428bbcd9313ce09783d9484330e09'[0m
[mNotice: /File[/var/lib/puppet/lib/puppet/parser/functions/str2saltedsha512.rb]/ensure: defined content as '{md5}49afad7b386be38ce53deaefef326e85'[0m
[mNotice: /File[/var/lib/puppet/lib/puppet/parser/functions/delete_undef_values.rb]/ensure: defined content as '{md5}b32d4a3925753b2eb2c318cbd7f14404'[0m
[mNotice: /File[/var/lib/puppet/lib/puppet/parser/functions/fqdn_rotate.rb]/ensure: defined content as '{md5}20743a138c56fc806a35cb7b60137dbc'[0m
[mNotice: /File[/var/lib/puppet/lib/puppet/provider/database_grant/mysql.rb]/ensure: defined content as '{md5}bfe3202efcecfe8f5fa98282594f7bed'[0m
[mNotice: /File[/var/lib/puppet/lib/puppet/parser/functions/values_at.rb]/ensure: defined content as '{md5}094ac110ce9f7a5b16d0c80a0cf2243c'[0m
[mNotice: /File[/var/lib/puppet/lib/puppet/parser/functions/getvar.rb]/ensure: defined content as '{md5}10bf744212947bc6a7bfd2c9836dbd23'[0m
[mNotice: /File[/var/lib/puppet/lib/puppet/parser/functions/strftime.rb]/ensure: defined content as '{md5}e02e01a598ca5d7d6eee0ba22440304a'[0m
[mNotice: /File[/var/lib/puppet/lib/puppet/parser/functions/chop.rb]/ensure: defined content as '{md5}4691a56e6064b792ed4575e4ad3f3d20'[0m
[mNotice: /File[/var/lib/puppet/lib/puppet/parser/functions/is_float.rb]/ensure: defined content as '{md5}10e0d3ecf75fac15e415aee79acf70dc'[0m
[mNotice: /File[/var/lib/puppet/lib/puppet/parser/functions/parsejson.rb]/ensure: defined content as '{md5}e7f968c34928107b84cd0860daf50ab1'[0m
[mNotice: /File[/var/lib/puppet/lib/puppet/parser/functions/validate_cmd.rb]/ensure: defined content as '{md5}78fd21cb3fc52efc3b53ba2b3301de18'[0m
[0;32mInfo: Loading facts[0m
[0;32mInfo: Caching catalog for cent-1[0m
[0;32mInfo: Applying configuration version '1410948363'[0m
[mNotice: /Stage[main]/Mysql::Client::Install/Package[mysql_client]/ensure: created[0m
[mNotice: /Stage[main]/Mysql::Server::Install/Package[mysql-server]/ensure: created[0m
[mNotice: /Stage[main]/Mysql::Server::Config/File[/etc/mysql]/ensure: created[0m
[mNotice: /Stage[main]/Mysql::Server::Config/File[/etc/my.cnf]/content: 
--- /etc/my.cnf	2014-02-12 19:42:13.000000000 +0000
+++ /tmp/puppet-file20140917-3298-u6gti3-0	2014-09-17 11:14:09.819999630 +0000
@@ -1,10 +1,45 @@
+[client]
+port = 3306
+socket = /var/lib/mysql/mysql.sock
+
+[isamchk]
+key_buffer_size = 16M
+
 [mysqld]
-datadir=/var/lib/mysql
-socket=/var/lib/mysql/mysql.sock
-user=mysql
-# Disabling symbolic-links is recommended to prevent assorted security risks
-symbolic-links=0
+basedir = /usr
+bind-address = 127.0.0.1
+datadir = /var/lib/mysql
+expire_logs_days = 10
+key_buffer_size = 16M
+log-error = /var/log/mysqld.log
+max_allowed_packet = 16M
+max_binlog_size = 100M
+max_connections = 151
+myisam_recover = BACKUP
+pid-file = /var/run/mysqld/mysqld.pid
+port = 3306
+query_cache_limit = 1M
+query_cache_size = 16M
+skip-external-locking
+socket = /var/lib/mysql/mysql.sock
+ssl = false
+ssl-ca = /etc/mysql/cacert.pem
+ssl-cert = /etc/mysql/server-cert.pem
+ssl-key = /etc/mysql/server-key.pem
+thread_cache_size = 8
+thread_stack = 256K
+tmpdir = /tmp
+user = mysql
 
 [mysqld_safe]
-log-error=/var/log/mysqld.log
-pid-file=/var/run/mysqld/mysqld.pid
+log-error = /var/log/mysqld.log
+nice = 0
+socket = /var/lib/mysql/mysql.sock
+
+[mysqldump]
+max_allowed_packet = 16M
+quick
+quote-names
+
+
+!includedir /etc/mysql/conf.d/
[0m
[0;32mInfo: Computing checksum on file /etc/my.cnf[0m
[0;32mInfo: /Stage[main]/Mysql::Server::Config/File[/etc/my.cnf]: Filebucketed /etc/my.cnf to puppet with sum 8ace886bbe7e274448bc8bea16d3ead6[0m
[mNotice: /Stage[main]/Mysql::Server::Config/File[/etc/my.cnf]/content: content changed '{md5}8ace886bbe7e274448bc8bea16d3ead6' to '{md5}3d9df404909240818e7abfb4a25b3d11'[0m
[mNotice: /Stage[main]/Ntp::Install/Package[ntp]/ensure: created[0m
[mNotice: /Stage[main]/Ntp::Config/File[/etc/ntp.conf]/content: 
--- /etc/ntp.conf	2013-07-15 09:18:47.000000000 +0000
+++ /tmp/puppet-file20140917-3298-w0ozph-0	2014-09-17 11:14:11.788999629 +0000
@@ -1,53 +1,25 @@
-# For more information about this file, see the man pages
-# ntp.conf(5), ntp_acc(5), ntp_auth(5), ntp_clock(5), ntp_misc(5), ntp_mon(5).
+# ntp.conf: Managed by puppet.
+#
+# Keep ntpd from panicking in the event of a large clock skew
+# when a VM guest is suspended and resumed.
+tinker panic 0
 
-driftfile /var/lib/ntp/drift
 
 # Permit time synchronization with our time source, but do not
 # permit the source to query or modify the service on this system.
 restrict default kod nomodify notrap nopeer noquery
 restrict -6 default kod nomodify notrap nopeer noquery
-
-# Permit all access over the loopback interface.  This could
-# be tightened as well, but to do so would effect some of
-# the administrative functions.
-restrict 127.0.0.1 
+restrict 127.0.0.1
 restrict -6 ::1
 
-# Hosts on local network are less restricted.
-#restrict 192.168.1.0 mask 255.255.255.0 nomodify notrap
 
-# Use public servers from the pool.ntp.org project.
-# Please consider joining the pool (http://www.pool.ntp.org/join.html).
-server 0.centos.pool.ntp.org iburst
-server 1.centos.pool.ntp.org iburst
-server 2.centos.pool.ntp.org iburst
-server 3.centos.pool.ntp.org iburst
-
-#broadcast 192.168.1.255 autokey	# broadcast server
-#broadcastclient			# broadcast client
-#broadcast 224.0.1.1 autokey		# multicast server
-#multicastclient 224.0.1.1		# multicast client
-#manycastserver 239.255.254.254		# manycast server
-#manycastclient 239.255.254.254 autokey # manycast client
-
-# Enable public key cryptography.
-#crypto
-
-includefile /etc/ntp/crypto/pw
-
-# Key file containing the keys and key identifiers used when operating
-# with symmetric key cryptography. 
-keys /etc/ntp/keys
-
-# Specify the key identifiers which are trusted.
-#trustedkey 4 8 42
+server 0.centos.pool.ntp.org
+server 1.centos.pool.ntp.org
+server 2.centos.pool.ntp.org
+
+
+# Driftfile.
+driftfile /var/lib/ntp/drift
 
-# Specify the key identifier to use with the ntpdc utility.
-#requestkey 8
 
-# Specify the key identifier to use with the ntpq utility.
-#controlkey 8
 
-# Enable writing of statistics records.
-#statistics clockstats cryptostats loopstats peerstats
[0m
[0;32mInfo: Computing checksum on file /etc/ntp.conf[0m
[0;32mInfo: /Stage[main]/Ntp::Config/File[/etc/ntp.conf]: Filebucketed /etc/ntp.conf to puppet with sum 7fda24f62b1c7ae951db0f746dc6e0cc[0m
[mNotice: /Stage[main]/Ntp::Config/File[/etc/ntp.conf]/content: content changed '{md5}7fda24f62b1c7ae951db0f746dc6e0cc' to '{md5}20e2c9b631d3c93d867cc91a9f5c8263'[0m
[0;32mInfo: Class[Ntp::Config]: Scheduling refresh of Class[Ntp::Service][0m
[0;32mInfo: Class[Ntp::Service]: Scheduling refresh of Service[ntp][0m
[mNotice: /Stage[main]/Ntp::Service/Service[ntp]/ensure: ensure changed 'stopped' to 'running'[0m
[0;32mInfo: /Stage[main]/Ntp::Service/Service[ntp]: Unscheduling refresh on Service[ntp][0m
[mNotice: /Stage[main]/Mysql::Server::Config/File[/etc/mysql/conf.d]/ensure: created[0m
[mNotice: /Stage[main]/Mysql::Server::Service/Service[mysqld]/ensure: ensure changed 'stopped' to 'running'[0m
[0;32mInfo: /Stage[main]/Mysql::Server::Service/Service[mysqld]: Unscheduling refresh on Service[mysqld][0m
[mNotice: /Stage[main]/Main/Node[cent-1]/Mysql::Db[test_mdb]/Mysql_database[test_mdb]/ensure: created[0m
[mNotice: /Stage[main]/Main/Node[cent-1]/Mysql::Db[test_mdb]/Mysql_user[test_user@localhost]/ensure: created[0m
[mNotice: /Stage[main]/Main/Node[cent-1]/Mysql::Db[test_mdb]/Mysql_grant[test_user@localhost/test_mdb.*]/ensure: created[0m
[0;32mInfo: Creating state file /var/lib/puppet/state/state.yaml[0m
[mNotice: Finished catalog run in 33.84 seconds[0m
